Configuration file: /home/sj/Code/4lhc.github.io/_config.yml
[33m       Deprecation: The 'gems' configuration option has been renamed to 'plugins'. Please update your config file accordingly.[0m
            Source: /home/sj/Code/4lhc.github.io
       Destination: /home/sj/Code/4lhc.github.io/_site
 Incremental build: disabled. Enable with --incremental
      Generating... 
                    done in 2.549 seconds.
 Auto-regeneration: enabled for '/home/sj/Code/4lhc.github.io'
    Server address: http://127.0.0.1:4000/
  Server running... press ctrl-c to stop.
[2019-09-13 06:42:38] ERROR Errno::ECONNRESET: Connection reset by peer @ io_fillbuf - fd:21 
	/usr/lib/ruby/2.5.0/webrick/httpserver.rb:82:in `eof?'
	/usr/lib/ruby/2.5.0/webrick/httpserver.rb:82:in `run'
	/usr/lib/ruby/2.5.0/webrick/server.rb:307:in `block in start_thread'
[2019-09-13 06:42:38] ERROR Errno::ECONNRESET: Connection reset by peer @ io_fillbuf - fd:21 
	/usr/lib/ruby/2.5.0/webrick/httpserver.rb:82:in `eof?'
	/usr/lib/ruby/2.5.0/webrick/httpserver.rb:82:in `run'
	/usr/lib/ruby/2.5.0/webrick/server.rb:307:in `block in start_thread'
[2019-09-13 06:44:39] ERROR `/elements.html' not found.
[2019-09-13 06:44:39] ERROR `/favicon.ico' not found.
[2019-09-13 06:45:02] ERROR `/images/pic02.jpg' not found.
      Regenerating: 1 file(s) changed at 2019-09-13 06:49:25 ...done in 0.559262527 seconds.
      Regenerating: 1 file(s) changed at 2019-09-13 06:49:26 ...done in 0.56502397 seconds.
      Regenerating: 1 file(s) changed at 2019-09-13 06:50:03 ...done in 0.576407359 seconds.
      Regenerating: 1 file(s) changed at 2019-09-13 06:50:50 ...done in 0.54950922 seconds.
      Regenerating: 1 file(s) changed at 2019-09-13 06:50:51 ...done in 0.569241841 seconds.
      Regenerating: 1 file(s) changed at 2019-09-13 06:56:31 ...done in 0.585040798 seconds.
      Regenerating: 1 file(s) changed at 2019-09-13 06:56:32 ...done in 0.578109278 seconds.
      Regenerating: 1 file(s) changed at 2019-09-13 06:56:33 ...done in 0.551836928 seconds.
      Regenerating: 1 file(s) changed at 2019-09-13 06:56:36 ...done in 0.580484272 seconds.
      Regenerating: 1 file(s) changed at 2019-09-13 06:56:36 ...done in 0.628012964 seconds.
      Regenerating: 1 file(s) changed at 2019-09-13 07:00:12 ...done in 0.577599324 seconds.
      Regenerating: 1 file(s) changed at 2019-09-13 07:00:12 ...done in 0.582911113 seconds.
      Regenerating: 1 file(s) changed at 2019-09-13 07:00:19 ...done in 0.543796873 seconds.
      Regenerating: 1 file(s) changed at 2019-09-13 07:00:19 ...done in 0.542890804 seconds.
      Regenerating: 1 file(s) changed at 2019-09-13 07:04:22 ...done in 0.599879378 seconds.
      Regenerating: 1 file(s) changed at 2019-09-13 07:04:23 ...done in 0.681937466 seconds.
      Regenerating: 1 file(s) changed at 2019-09-13 07:05:40 ...done in 0.552502469 seconds.
      Regenerating: 1 file(s) changed at 2019-09-13 07:05:58 ...done in 0.581973381 seconds.
      Regenerating: 1 file(s) changed at 2019-09-13 07:05:59 ...done in 0.588268135 seconds.
      Regenerating: 1 file(s) changed at 2019-09-13 07:06:11 ...done in 0.572131151 seconds.
      Regenerating: 1 file(s) changed at 2019-09-13 07:06:12 ...done in 0.554936431 seconds.
      Regenerating: 1 file(s) changed at 2019-09-13 07:06:32 ...done in 0.564318106 seconds.
      Regenerating: 1 file(s) changed at 2019-09-13 07:06:39 ...done in 0.596083077 seconds.
      Regenerating: 1 file(s) changed at 2019-09-13 07:09:38 ...done in 0.575950499 seconds.
      Regenerating: 1 file(s) changed at 2019-09-13 07:09:39 ...done in 0.587597555 seconds.
      Regenerating: 1 file(s) changed at 2019-09-13 07:10:35 ...done in 0.583734613 seconds.
      Regenerating: 1 file(s) changed at 2019-09-13 07:10:35 ...done in 0.676645779 seconds.
      Regenerating: 1 file(s) changed at 2019-09-13 07:12:38 ...done in 0.576504354 seconds.
      Regenerating: 1 file(s) changed at 2019-09-13 07:12:39 ...done in 0.565109305 seconds.
      Regenerating: 1 file(s) changed at 2019-09-13 07:15:59 ...done in 0.553482126 seconds.
      Regenerating: 1 file(s) changed at 2019-09-13 07:16:32 ...done in 0.589389344 seconds.
      Regenerating: 1 file(s) changed at 2019-09-13 07:16:33 ...done in 0.561153814 seconds.
      Regenerating: 1 file(s) changed at 2019-09-13 07:19:28 ...done in 0.540721852 seconds.
      Regenerating: 1 file(s) changed at 2019-09-13 07:19:39 ...done in 0.566373894 seconds.
      Regenerating: 1 file(s) changed at 2019-09-13 07:19:47 ...done in 0.562930967 seconds.
      Regenerating: 1 file(s) changed at 2019-09-13 07:19:47 ...done in 0.595324215 seconds.
      Regenerating: 1 file(s) changed at 2019-09-13 07:19:56 ...done in 0.546933802 seconds.
      Regenerating: 1 file(s) changed at 2019-09-13 07:19:57 ...done in 0.614052822 seconds.
      Regenerating: 1 file(s) changed at 2019-09-13 07:20:14 ...done in 0.550865921 seconds.
      Regenerating: 1 file(s) changed at 2019-09-13 07:21:40 ...done in 0.562903349 seconds.
      Regenerating: 1 file(s) changed at 2019-09-13 07:21:48 ...done in 0.546542518 seconds.
      Regenerating: 1 file(s) changed at 2019-09-13 07:21:49 ...done in 0.586553067 seconds.
      Regenerating: 1 file(s) changed at 2019-09-13 07:22:15 ...done in 0.552270998 seconds.
      Regenerating: 1 file(s) changed at 2019-09-13 07:22:58 ...done in 0.557080202 seconds.
      Regenerating: 1 file(s) changed at 2019-09-13 07:23:17 ...done in 0.529062004 seconds.
      Regenerating: 1 file(s) changed at 2019-09-13 07:24:10 ...done in 0.567824456 seconds.
      Regenerating: 1 file(s) changed at 2019-09-13 07:24:11 ...done in 0.585771102 seconds.
      Regenerating: 1 file(s) changed at 2019-09-13 07:24:41 ...done in 0.542003397 seconds.
      Regenerating: 1 file(s) changed at 2019-09-13 07:24:53 ...done in 0.590399004 seconds.
      Regenerating: 1 file(s) changed at 2019-09-13 07:24:54 ...done in 0.661988055 seconds.
      Regenerating: 1 file(s) changed at 2019-09-13 07:25:00 ...done in 0.575498898 seconds.
      Regenerating: 1 file(s) changed at 2019-09-13 07:25:11 ...done in 0.594405051 seconds.
      Regenerating: 1 file(s) changed at 2019-09-13 07:25:11 ...done in 0.558102085 seconds.
      Regenerating: 1 file(s) changed at 2019-09-13 07:25:37 ...done in 0.570316253 seconds.
      Regenerating: 1 file(s) changed at 2019-09-13 07:25:42 ...done in 0.556176322 seconds.
      Regenerating: 1 file(s) changed at 2019-09-13 07:25:43 ...done in 0.604651316 seconds.
      Regenerating: 1 file(s) changed at 2019-09-13 07:26:02 ...done in 0.558499366 seconds.
      Regenerating: 1 file(s) changed at 2019-09-13 07:26:03 ...done in 0.537662242 seconds.
      Regenerating: 1 file(s) changed at 2019-09-13 07:26:17 ...done in 0.556926657 seconds.
      Regenerating: 1 file(s) changed at 2019-09-13 07:26:43 ...done in 0.552983504 seconds.
      Regenerating: 1 file(s) changed at 2019-09-13 07:26:43 ...done in 0.710670707 seconds.
      Regenerating: 1 file(s) changed at 2019-09-13 07:27:00 ...done in 0.534812224 seconds.
      Regenerating: 1 file(s) changed at 2019-09-13 07:27:14 ...done in 0.581164846 seconds.
      Regenerating: 1 file(s) changed at 2019-09-13 07:27:47 ...done in 0.528721342 seconds.
      Regenerating: 1 file(s) changed at 2019-09-13 07:27:58 ...done in 0.550145656 seconds.
      Regenerating: 1 file(s) changed at 2019-09-13 07:28:43 ...done in 0.514206741 seconds.
Configuration file: /home/sj/Code/4lhc.github.io/_config.yml
[33m       Deprecation: The 'gems' configuration option has been renamed to 'plugins'. Please update your config file accordingly.[0m
            Source: /home/sj/Code/4lhc.github.io
       Destination: /home/sj/Code/4lhc.github.io/_site
 Incremental build: disabled. Enable with --incremental
      Generating... 
                    done in 2.337 seconds.
 Auto-regeneration: enabled for '/home/sj/Code/4lhc.github.io'
    Server address: http://127.0.0.1:4000/
  Server running... press ctrl-c to stop.
[2019-09-13 11:29:50] ERROR Errno::ECONNRESET: Connection reset by peer @ io_fillbuf - fd:20 
	/usr/lib/ruby/2.5.0/webrick/httpserver.rb:82:in `eof?'
	/usr/lib/ruby/2.5.0/webrick/httpserver.rb:82:in `run'
	/usr/lib/ruby/2.5.0/webrick/server.rb:307:in `block in start_thread'
[2019-09-13 11:29:50] ERROR Errno::ECONNRESET: Connection reset by peer @ io_fillbuf - fd:20 
	/usr/lib/ruby/2.5.0/webrick/httpserver.rb:82:in `eof?'
	/usr/lib/ruby/2.5.0/webrick/httpserver.rb:82:in `run'
	/usr/lib/ruby/2.5.0/webrick/server.rb:307:in `block in start_thread'
      Regenerating: 1 file(s) changed at 2019-09-13 11:30:56 ...done in 0.582032118 seconds.
      Regenerating: 1 file(s) changed at 2019-09-13 11:30:57 ...done in 0.611999128 seconds.
      Regenerating: 1 file(s) changed at 2019-09-13 11:34:03 ...done in 0.561568645 seconds.
      Regenerating: 1 file(s) changed at 2019-09-13 11:34:24 ...done in 0.612689511 seconds.
      Regenerating: 1 file(s) changed at 2019-09-13 11:35:36 ...done in 0.591780051 seconds.
      Regenerating: 1 file(s) changed at 2019-09-13 11:35:50 ...done in 0.586279962 seconds.
      Regenerating: 1 file(s) changed at 2019-09-13 11:35:50 ...done in 0.608921383 seconds.
      Regenerating: 1 file(s) changed at 2019-09-13 11:35:51 ...done in 0.693711737 seconds.
      Regenerating: 1 file(s) changed at 2019-09-13 11:36:04 ...done in 0.554717172 seconds.
      Regenerating: 1 file(s) changed at 2019-09-13 11:36:05 ...done in 0.661314233 seconds.
      Regenerating: 1 file(s) changed at 2019-09-13 11:36:22 ...done in 0.973575679 seconds.
      Regenerating: 1 file(s) changed at 2019-09-13 11:38:25 ...done in 0.583440582 seconds.
      Regenerating: 1 file(s) changed at 2019-09-13 11:42:12 ...done in 0.557818783 seconds.
      Regenerating: 1 file(s) changed at 2019-09-13 11:51:09 ...done in 0.589560681 seconds.
      Regenerating: 1 file(s) changed at 2019-09-13 11:51:30 ...done in 0.58314127 seconds.
      Regenerating: 1 file(s) changed at 2019-09-13 11:53:05 ...done in 0.573403747 seconds.
      Regenerating: 1 file(s) changed at 2019-09-13 12:00:38 ...done in 0.534415988 seconds.
      Regenerating: 1 file(s) changed at 2019-09-13 12:00:41 ...done in 0.565629452 seconds.
[2019-09-13 12:01:18] ERROR `/images/pic02.jpg' not found.
      Regenerating: 1 file(s) changed at 2019-09-13 12:01:53 ...done in 0.561594613 seconds.
      Regenerating: 1 file(s) changed at 2019-09-13 12:02:58 ...done in 0.567590234 seconds.
      Regenerating: 1 file(s) changed at 2019-09-13 12:02:59 ...done in 0.564198982 seconds.
      Regenerating: 1 file(s) changed at 2019-09-13 12:04:51 ...done in 0.569188001 seconds.
      Regenerating: 1 file(s) changed at 2019-09-13 12:04:52 ...done in 0.604776125 seconds.
      Regenerating: 1 file(s) changed at 2019-09-13 12:04:53 ...done in 0.604521267 seconds.
      Regenerating: 1 file(s) changed at 2019-09-13 12:06:36 ...done in 0.540534315 seconds.
      Regenerating: 1 file(s) changed at 2019-09-13 12:06:48 ...done in 0.612784482 seconds.
      Regenerating: 1 file(s) changed at 2019-09-13 12:06:56 ...done in 0.568953752 seconds.
      Regenerating: 1 file(s) changed at 2019-09-13 12:08:30 ...done in 0.562006675 seconds.
      Regenerating: 1 file(s) changed at 2019-09-13 12:08:31 ...done in 0.530890935 seconds.
Configuration file: /home/sj/Code/4lhc.github.io/_config.yml
[33m       Deprecation: The 'gems' configuration option has been renamed to 'plugins'. Please update your config file accordingly.[0m
            Source: /home/sj/Code/4lhc.github.io
       Destination: /home/sj/Code/4lhc.github.io/_site
 Incremental build: disabled. Enable with --incremental
      Generating... 
                    done in 2.335 seconds.
 Auto-regeneration: enabled for '/home/sj/Code/4lhc.github.io'
    Server address: http://127.0.0.1:4000/
  Server running... press ctrl-c to stop.
      Regenerating: 1 file(s) changed at 2019-09-13 17:32:00 ...done in 0.58100846 seconds.
      Regenerating: 1 file(s) changed at 2019-09-13 17:32:01 ...done in 0.552327459 seconds.
      Regenerating: 1 file(s) changed at 2019-09-13 17:33:03 ...done in 0.567561032 seconds.
      Regenerating: 1 file(s) changed at 2019-09-13 17:38:14 ...done in 0.554755698 seconds.
      Regenerating: 1 file(s) changed at 2019-09-13 17:42:25 ...done in 0.621046372 seconds.
      Regenerating: 1 file(s) changed at 2019-09-13 17:42:45 ...done in 0.684385512 seconds.
      Regenerating: 1 file(s) changed at 2019-09-13 17:42:59 ...done in 0.599218148 seconds.
